
  .   ____          _            __ _ _
 /\\ / ___'_ __ _ _(_)_ __  __ _ \ \ \ \
( ( )\___ | '_ | '_| | '_ \/ _` | \ \ \ \
 \\/  ___)| |_)| | | | | || (_| |  ) ) ) )
  '  |____| .__|_| |_|_| |_\__, | / / / /
 =========|_|==============|___/=/_/_/_/
 :: Spring Boot ::                (v3.2.1)

2026-05-08T12:09:45.710-05:00  INFO 22120 --- [conteo-electoral] [           main] c.electoral.ConteoElectoralApplication   : Starting ConteoElectoralApplication using Java 21.0.10 with PID 22120 (C:\Users\Alexi\Documents\PROYECTOS\ConteoElectoral\backend\target\conteo-electoral-1.0.0.jar started by Alexi in C:\Users\Alexi\Documents\PROYECTOS\ConteoElectoral)
2026-05-08T12:09:45.711-05:00 DEBUG 22120 --- [conteo-electoral] [           main] c.electoral.ConteoElectoralApplication   : Running with Spring Boot v3.2.1, Spring v6.1.2
2026-05-08T12:09:45.712-05:00  INFO 22120 --- [conteo-electoral] [           main] c.electoral.ConteoElectoralApplication   : No active profile set, falling back to 1 default profile: "default"
2026-05-08T12:09:46.792-05:00  INFO 22120 --- [conteo-electoral] [           main] .s.d.r.c.RepositoryConfigurationDelegate : Bootstrapping Spring Data JPA repositories in DEFAULT mode.
2026-05-08T12:09:46.865-05:00  INFO 22120 --- [conteo-electoral] [           main] .s.d.r.c.RepositoryConfigurationDelegate : Finished Spring Data repository scanning in 62 ms. Found 16 JPA repository interfaces.
2026-05-08T12:09:47.792-05:00  INFO 22120 --- [conteo-electoral] [           main] o.s.b.w.embedded.tomcat.TomcatWebServer  : Tomcat initialized with port 8081 (http)
2026-05-08T12:09:47.824-05:00  INFO 22120 --- [conteo-electoral] [           main] o.apache.catalina.core.StandardService   : Starting service [Tomcat]
2026-05-08T12:09:47.824-05:00  INFO 22120 --- [conteo-electoral] [           main] o.apache.catalina.core.StandardEngine    : Starting Servlet engine: [Apache Tomcat/10.1.17]
2026-05-08T12:09:47.924-05:00  INFO 22120 --- [conteo-electoral] [           main] o.a.c.c.C.[Tomcat].[localhost].[/]       : Initializing Spring embedded WebApplicationContext
2026-05-08T12:09:47.926-05:00  INFO 22120 --- [conteo-electoral] [           main] w.s.c.ServletWebServerApplicationContext : Root WebApplicationContext: initialization completed in 2152 ms
2026-05-08T12:09:48.221-05:00  INFO 22120 --- [conteo-electoral] [           main] o.hibernate.jpa.internal.util.LogHelper  : HHH000204: Processing PersistenceUnitInfo [name: default]
2026-05-08T12:09:48.327-05:00  INFO 22120 --- [conteo-electoral] [           main] org.hibernate.Version                    : HHH000412: Hibernate ORM core version 6.4.1.Final
2026-05-08T12:09:48.357-05:00  INFO 22120 --- [conteo-electoral] [           main] o.h.c.internal.RegionFactoryInitiator    : HHH000026: Second-level cache disabled
2026-05-08T12:09:48.545-05:00  INFO 22120 --- [conteo-electoral] [           main] o.s.o.j.p.SpringPersistenceUnitInfo      : No LoadTimeWeaver setup: ignoring JPA class transformer
2026-05-08T12:09:48.571-05:00  INFO 22120 --- [conteo-electoral] [           main] com.zaxxer.hikari.HikariDataSource       : HikariPool-1 - Starting...
2026-05-08T12:09:48.849-05:00  INFO 22120 --- [conteo-electoral] [           main] com.zaxxer.hikari.pool.HikariPool        : HikariPool-1 - Added connection org.postgresql.jdbc.PgConnection@74830d73
2026-05-08T12:09:48.851-05:00  INFO 22120 --- [conteo-electoral] [           main] com.zaxxer.hikari.HikariDataSource       : HikariPool-1 - Start completed.
2026-05-08T12:09:49.933-05:00  INFO 22120 --- [conteo-electoral] [           main] o.h.e.t.j.p.i.JtaPlatformInitiator       : HHH000489: No JTA platform available (set 'hibernate.transaction.jta.platform' to enable JTA platform integration)
2026-05-08T12:09:50.269-05:00  INFO 22120 --- [conteo-electoral] [           main] j.LocalContainerEntityManagerFactoryBean : Initialized JPA EntityManagerFactory for persistence unit 'default'
2026-05-08T12:09:50.548-05:00  INFO 22120 --- [conteo-electoral] [           main] o.s.d.j.r.query.QueryEnhancerFactory     : Hibernate is in classpath; If applicable, HQL parser will be used.
2026-05-08T12:09:50.942-05:00 DEBUG 22120 --- [conteo-electoral] [           main] c.e.security.JwtAuthenticationFilter     : Filter 'jwtAuthenticationFilter' configured for use
2026-05-08T12:09:52.241-05:00  INFO 22120 --- [conteo-electoral] [           main] o.s.s.web.DefaultSecurityFilterChain     : Will secure any request with [org.springframework.security.web.session.DisableEncodeUrlFilter@221b4175, org.springframework.security.web.context.request.async.WebAsyncManagerIntegrationFilter@58ae3cb, org.springframework.security.web.context.SecurityContextHolderFilter@d866565, org.springframework.security.web.header.HeaderWriterFilter@6824c2e6, org.springframework.web.filter.CorsFilter@42af751f, org.springframework.security.web.authentication.logout.LogoutFilter@4d6c42e, com.electoral.security.JwtAuthenticationFilter@a6f34f5, org.springframework.security.web.savedrequest.RequestCacheAwareFilter@4db11495, org.springframework.security.web.servletapi.SecurityContextHolderAwareRequestFilter@6f83db89, org.springframework.security.web.authentication.AnonymousAuthenticationFilter@477b8d7d, org.springframework.security.web.session.SessionManagementFilter@76b96594, org.springframework.security.web.access.ExceptionTranslationFilter@138617da, org.springframework.security.web.access.intercept.AuthorizationFilter@2c7178ed]
