
  .   ____          _            __ _ _
 /\\ / ___'_ __ _ _(_)_ __  __ _ \ \ \ \
( ( )\___ | '_ | '_| | '_ \/ _` | \ \ \ \
 \\/  ___)| |_)| | | | | || (_| |  ) ) ) )
  '  |____| .__|_| |_|_| |_\__, | / / / /
 =========|_|==============|___/=/_/_/_/
 :: Spring Boot ::                (v3.2.1)

2026-07-17T13:39:35.460-05:00  INFO 87548 --- [conteo-electoral] [           main] c.electoral.ConteoElectoralApplication   : Starting ConteoElectoralApplication using Java 21.0.10 with PID 87548 (C:\Users\Alexi\Documents\PROYECTOS\ConteoElectoral\backend\target\conteo-electoral-1.0.0.jar started by Alexi in C:\Users\Alexi\Documents\PROYECTOS\ConteoElectoral)
2026-07-17T13:39:35.462-05:00 DEBUG 87548 --- [conteo-electoral] [           main] c.electoral.ConteoElectoralApplication   : Running with Spring Boot v3.2.1, Spring v6.1.2
2026-07-17T13:39:35.463-05:00  INFO 87548 --- [conteo-electoral] [           main] c.electoral.ConteoElectoralApplication   : No active profile set, falling back to 1 default profile: "default"
2026-07-17T13:39:36.306-05:00  INFO 87548 --- [conteo-electoral] [           main] .s.d.r.c.RepositoryConfigurationDelegate : Bootstrapping Spring Data JPA repositories in DEFAULT mode.
2026-07-17T13:39:36.432-05:00  INFO 87548 --- [conteo-electoral] [           main] .s.d.r.c.RepositoryConfigurationDelegate : Finished Spring Data repository scanning in 108 ms. Found 26 JPA repository interfaces.
2026-07-17T13:39:37.169-05:00  INFO 87548 --- [conteo-electoral] [           main] o.s.b.w.embedded.tomcat.TomcatWebServer  : Tomcat initialized with port 8081 (http)
2026-07-17T13:39:37.194-05:00  INFO 87548 --- [conteo-electoral] [           main] o.apache.catalina.core.StandardService   : Starting service [Tomcat]
2026-07-17T13:39:37.196-05:00  INFO 87548 --- [conteo-electoral] [           main] o.apache.catalina.core.StandardEngine    : Starting Servlet engine: [Apache Tomcat/10.1.17]
2026-07-17T13:39:37.272-05:00  INFO 87548 --- [conteo-electoral] [           main] o.a.c.c.C.[Tomcat].[localhost].[/]       : Initializing Spring embedded WebApplicationContext
2026-07-17T13:39:37.276-05:00  INFO 87548 --- [conteo-electoral] [           main] w.s.c.ServletWebServerApplicationContext : Root WebApplicationContext: initialization completed in 1753 ms
2026-07-17T13:39:37.517-05:00  INFO 87548 --- [conteo-electoral] [           main] o.hibernate.jpa.internal.util.LogHelper  : HHH000204: Processing PersistenceUnitInfo [name: default]
2026-07-17T13:39:37.560-05:00  INFO 87548 --- [conteo-electoral] [           main] org.hibernate.Version                    : HHH000412: Hibernate ORM core version 6.4.1.Final
2026-07-17T13:39:37.578-05:00  INFO 87548 --- [conteo-electoral] [           main] o.h.c.internal.RegionFactoryInitiator    : HHH000026: Second-level cache disabled
2026-07-17T13:39:37.725-05:00  INFO 87548 --- [conteo-electoral] [           main] o.s.o.j.p.SpringPersistenceUnitInfo      : No LoadTimeWeaver setup: ignoring JPA class transformer
2026-07-17T13:39:37.745-05:00  INFO 87548 --- [conteo-electoral] [           main] com.zaxxer.hikari.HikariDataSource       : HikariPool-1 - Starting...
2026-07-17T13:39:38.088-05:00  INFO 87548 --- [conteo-electoral] [           main] com.zaxxer.hikari.pool.HikariPool        : HikariPool-1 - Added connection org.postgresql.jdbc.PgConnection@2b90cc1
2026-07-17T13:39:38.091-05:00  INFO 87548 --- [conteo-electoral] [           main] com.zaxxer.hikari.HikariDataSource       : HikariPool-1 - Start completed.
2026-07-17T13:39:39.544-05:00  INFO 87548 --- [conteo-electoral] [           main] o.h.e.t.j.p.i.JtaPlatformInitiator       : HHH000489: No JTA platform available (set 'hibernate.transaction.jta.platform' to enable JTA platform integration)
2026-07-17T13:39:40.038-05:00  INFO 87548 --- [conteo-electoral] [           main] j.LocalContainerEntityManagerFactoryBean : Initialized JPA EntityManagerFactory for persistence unit 'default'
2026-07-17T13:39:40.310-05:00  INFO 87548 --- [conteo-electoral] [           main] o.s.d.j.r.query.QueryEnhancerFactory     : Hibernate is in classpath; If applicable, HQL parser will be used.
2026-07-17T13:39:40.739-05:00 DEBUG 87548 --- [conteo-electoral] [           main] c.e.security.JwtAuthenticationFilter     : Filter 'jwtAuthenticationFilter' configured for use
2026-07-17T13:39:42.561-05:00  INFO 87548 --- [conteo-electoral] [           main] o.s.s.web.DefaultSecurityFilterChain     : Will secure any request with [org.springframework.security.web.session.DisableEncodeUrlFilter@714f3e27, org.springframework.security.web.context.request.async.WebAsyncManagerIntegrationFilter@433dd165, org.springframework.security.web.context.SecurityContextHolderFilter@143211f1, org.springframework.security.web.header.HeaderWriterFilter@611b2857, org.springframework.web.filter.CorsFilter@2d05291f, org.springframework.security.web.authentication.logout.LogoutFilter@ac94285, com.electoral.security.JwtAuthenticationFilter@5f05cd7e, org.springframework.security.web.savedrequest.RequestCacheAwareFilter@3925aa6a, org.springframework.security.web.servletapi.SecurityContextHolderAwareRequestFilter@4c336d66, org.springframework.security.web.authentication.AnonymousAuthenticationFilter@2f9739e0, org.springframework.security.web.session.SessionManagementFilter@5a5fb5ea, org.springframework.security.web.access.ExceptionTranslationFilter@b303504, org.springframework.security.web.access.intercept.AuthorizationFilter@65cae15a]
2026-07-17T13:39:42.954-05:00  WARN 87548 --- [conteo-electoral] [           main] ConfigServletWebServerApplicationContext : Exception encountered during context initialization - cancelling refresh attempt: org.springframework.context.ApplicationContextException: Failed to start bean 'webServerStartStop'
2026-07-17T13:39:42.962-05:00  INFO 87548 --- [conteo-electoral] [           main] j.LocalContainerEntityManagerFactoryBean : Closing JPA EntityManagerFactory for persistence unit 'default'
2026-07-17T13:39:42.964-05:00  INFO 87548 --- [conteo-electoral] [           main] com.zaxxer.hikari.HikariDataSource       : HikariPool-1 - Shutdown initiated...
2026-07-17T13:39:42.982-05:00  INFO 87548 --- [conteo-electoral] [           main] com.zaxxer.hikari.HikariDataSource       : HikariPool-1 - Shutdown completed.
2026-07-17T13:39:42.993-05:00  INFO 87548 --- [conteo-electoral] [           main] .s.b.a.l.ConditionEvaluationReportLogger : 

Error starting ApplicationContext. To display the condition evaluation report re-run your application with 'debug' enabled.
2026-07-17T13:39:43.004-05:00 ERROR 87548 --- [conteo-electoral] [           main] o.s.b.d.LoggingFailureAnalysisReporter   : 

***************************
APPLICATION FAILED TO START
***************************

Description:

Web server failed to start. Port 8081 was already in use.

Action:

Identify and stop the process that's listening on port 8081 or configure this application to listen on another port.

