
  .   ____          _            __ _ _
 /\\ / ___'_ __ _ _(_)_ __  __ _ \ \ \ \
( ( )\___ | '_ | '_| | '_ \/ _` | \ \ \ \
 \\/  ___)| |_)| | | | | || (_| |  ) ) ) )
  '  |____| .__|_| |_|_| |_\__, | / / / /
 =========|_|==============|___/=/_/_/_/
 :: Spring Boot ::                (v3.2.1)

2026-05-08T12:13:07.956-05:00  INFO 50116 --- [conteo-electoral] [           main] c.electoral.ConteoElectoralApplication   : Starting ConteoElectoralApplication using Java 21.0.10 with PID 50116 (C:\Users\Alexi\Documents\PROYECTOS\ConteoElectoral\backend\target\conteo-electoral-1.0.0.jar started by Alexi in C:\Users\Alexi\Documents\PROYECTOS\ConteoElectoral)
2026-05-08T12:13:07.957-05:00 DEBUG 50116 --- [conteo-electoral] [           main] c.electoral.ConteoElectoralApplication   : Running with Spring Boot v3.2.1, Spring v6.1.2
2026-05-08T12:13:07.958-05:00  INFO 50116 --- [conteo-electoral] [           main] c.electoral.ConteoElectoralApplication   : No active profile set, falling back to 1 default profile: "default"
2026-05-08T12:13:09.002-05:00  INFO 50116 --- [conteo-electoral] [           main] .s.d.r.c.RepositoryConfigurationDelegate : Bootstrapping Spring Data JPA repositories in DEFAULT mode.
2026-05-08T12:13:09.116-05:00  INFO 50116 --- [conteo-electoral] [           main] .s.d.r.c.RepositoryConfigurationDelegate : Finished Spring Data repository scanning in 107 ms. Found 16 JPA repository interfaces.
2026-05-08T12:13:09.911-05:00  INFO 50116 --- [conteo-electoral] [           main] o.s.b.w.embedded.tomcat.TomcatWebServer  : Tomcat initialized with port 8081 (http)
2026-05-08T12:13:09.930-05:00  INFO 50116 --- [conteo-electoral] [           main] o.apache.catalina.core.StandardService   : Starting service [Tomcat]
2026-05-08T12:13:09.931-05:00  INFO 50116 --- [conteo-electoral] [           main] o.apache.catalina.core.StandardEngine    : Starting Servlet engine: [Apache Tomcat/10.1.17]
2026-05-08T12:13:09.994-05:00  INFO 50116 --- [conteo-electoral] [           main] o.a.c.c.C.[Tomcat].[localhost].[/]       : Initializing Spring embedded WebApplicationContext
2026-05-08T12:13:09.995-05:00  INFO 50116 --- [conteo-electoral] [           main] w.s.c.ServletWebServerApplicationContext : Root WebApplicationContext: initialization completed in 1971 ms
2026-05-08T12:13:10.322-05:00  INFO 50116 --- [conteo-electoral] [           main] o.hibernate.jpa.internal.util.LogHelper  : HHH000204: Processing PersistenceUnitInfo [name: default]
2026-05-08T12:13:10.441-05:00  INFO 50116 --- [conteo-electoral] [           main] org.hibernate.Version                    : HHH000412: Hibernate ORM core version 6.4.1.Final
2026-05-08T12:13:10.467-05:00  INFO 50116 --- [conteo-electoral] [           main] o.h.c.internal.RegionFactoryInitiator    : HHH000026: Second-level cache disabled
2026-05-08T12:13:10.633-05:00  INFO 50116 --- [conteo-electoral] [           main] o.s.o.j.p.SpringPersistenceUnitInfo      : No LoadTimeWeaver setup: ignoring JPA class transformer
2026-05-08T12:13:10.654-05:00  INFO 50116 --- [conteo-electoral] [           main] com.zaxxer.hikari.HikariDataSource       : HikariPool-1 - Starting...
2026-05-08T12:13:10.903-05:00  INFO 50116 --- [conteo-electoral] [           main] com.zaxxer.hikari.pool.HikariPool        : HikariPool-1 - Added connection org.postgresql.jdbc.PgConnection@4cd5fc46
2026-05-08T12:13:10.903-05:00  INFO 50116 --- [conteo-electoral] [           main] com.zaxxer.hikari.HikariDataSource       : HikariPool-1 - Start completed.
2026-05-08T12:13:11.911-05:00  INFO 50116 --- [conteo-electoral] [           main] o.h.e.t.j.p.i.JtaPlatformInitiator       : HHH000489: No JTA platform available (set 'hibernate.transaction.jta.platform' to enable JTA platform integration)
2026-05-08T12:13:12.137-05:00  INFO 50116 --- [conteo-electoral] [           main] j.LocalContainerEntityManagerFactoryBean : Initialized JPA EntityManagerFactory for persistence unit 'default'
2026-05-08T12:13:12.367-05:00  INFO 50116 --- [conteo-electoral] [           main] o.s.d.j.r.query.QueryEnhancerFactory     : Hibernate is in classpath; If applicable, HQL parser will be used.
2026-05-08T12:13:12.749-05:00 DEBUG 50116 --- [conteo-electoral] [           main] c.e.security.JwtAuthenticationFilter     : Filter 'jwtAuthenticationFilter' configured for use
2026-05-08T12:13:14.179-05:00  INFO 50116 --- [conteo-electoral] [           main] o.s.s.web.DefaultSecurityFilterChain     : Will secure any request with [org.springframework.security.web.session.DisableEncodeUrlFilter@5afef53, org.springframework.security.web.context.request.async.WebAsyncManagerIntegrationFilter@3a19b933, org.springframework.security.web.context.SecurityContextHolderFilter@53963f8e, org.springframework.security.web.header.HeaderWriterFilter@695d8186, org.springframework.web.filter.CorsFilter@d476a21, org.springframework.security.web.authentication.logout.LogoutFilter@734901c1, com.electoral.security.JwtAuthenticationFilter@65640109, org.springframework.security.web.savedrequest.RequestCacheAwareFilter@24a6655d, org.springframework.security.web.servletapi.SecurityContextHolderAwareRequestFilter@229d5d14, org.springframework.security.web.authentication.AnonymousAuthenticationFilter@186b5db, org.springframework.security.web.session.SessionManagementFilter@6cb6a38c, org.springframework.security.web.access.ExceptionTranslationFilter@2c7178ed, org.springframework.security.web.access.intercept.AuthorizationFilter@37711f1a]
2026-05-08T12:13:14.555-05:00  INFO 50116 --- [conteo-electoral] [           main] o.s.b.w.embedded.tomcat.TomcatWebServer  : Tomcat started on port 8081 (http) with context path ''
2026-05-08T12:13:14.557-05:00  INFO 50116 --- [conteo-electoral] [           main] o.s.m.s.b.SimpleBrokerMessageHandler     : Starting...
2026-05-08T12:13:14.558-05:00  INFO 50116 --- [conteo-electoral] [           main] o.s.m.s.b.SimpleBrokerMessageHandler     : BrokerAvailabilityEvent[available=true, SimpleBrokerMessageHandler [org.springframework.messaging.simp.broker.DefaultSubscriptionRegistry@7a5bccb8]]
2026-05-08T12:13:14.559-05:00  INFO 50116 --- [conteo-electoral] [           main] o.s.m.s.b.SimpleBrokerMessageHandler     : Started.
2026-05-08T12:13:14.568-05:00  INFO 50116 --- [conteo-electoral] [           main] c.electoral.ConteoElectoralApplication   : Started ConteoElectoralApplication in 6.971 seconds (process running for 7.516)
2026-05-08T12:13:14.571-05:00  INFO 50116 --- [conteo-electoral] [           main] com.electoral.DataInitializer            : === INICIANDO DATAINITIALIZER ===
2026-05-08T12:13:14.804-05:00  INFO 50116 --- [conteo-electoral] [           main] com.electoral.DataInitializer            : Password de admin reseteado a: admin123
2026-05-08T12:13:14.804-05:00  INFO 50116 --- [conteo-electoral] [           main] com.electoral.DataInitializer            : === DATAINITIALIZER COMPLETADO ===
2026-05-08T12:13:14.805-05:00  INFO 50116 --- [conteo-electoral] [           main] c.electoral.ConteoElectoralApplication   : ===== APLICACIÓN INICIADA =====
2026-05-08T12:13:45.051-05:00  INFO 50116 --- [conteo-electoral] [nio-8081-exec-1] o.a.c.c.C.[Tomcat].[localhost].[/]       : Initializing Spring DispatcherServlet 'dispatcherServlet'
2026-05-08T12:13:45.051-05:00  INFO 50116 --- [conteo-electoral] [nio-8081-exec-1] o.s.web.servlet.DispatcherServlet        : Initializing Servlet 'dispatcherServlet'
2026-05-08T12:13:45.052-05:00  INFO 50116 --- [conteo-electoral] [nio-8081-exec-1] o.s.web.servlet.DispatcherServlet        : Completed initialization in 1 ms
2026-05-08T12:13:45.065-05:00 DEBUG 50116 --- [conteo-electoral] [nio-8081-exec-1] o.s.security.web.FilterChainProxy        : Securing POST /api/auth/login
2026-05-08T12:13:45.073-05:00 DEBUG 50116 --- [conteo-electoral] [nio-8081-exec-1] o.s.s.w.a.AnonymousAuthenticationFilter  : Set SecurityContextHolder to anonymous SecurityContext
2026-05-08T12:13:45.074-05:00 DEBUG 50116 --- [conteo-electoral] [nio-8081-exec-1] o.s.security.web.FilterChainProxy        : Secured POST /api/auth/login
2026-05-08T12:13:45.340-05:00 DEBUG 50116 --- [conteo-electoral] [nio-8081-exec-1] o.s.s.a.dao.DaoAuthenticationProvider    : Authenticated user
2026-05-08T12:13:45.444-05:00 DEBUG 50116 --- [conteo-electoral] [nio-8081-exec-2] o.s.security.web.FilterChainProxy        : Securing GET /api/provincias
2026-05-08T12:13:45.485-05:00 DEBUG 50116 --- [conteo-electoral] [nio-8081-exec-2] o.s.security.web.FilterChainProxy        : Secured GET /api/provincias
2026-05-08T12:13:58.499-05:00 DEBUG 50116 --- [conteo-electoral] [nio-8081-exec-4] o.s.security.web.FilterChainProxy        : Securing POST /api/auth/login
2026-05-08T12:13:58.499-05:00 DEBUG 50116 --- [conteo-electoral] [nio-8081-exec-4] o.s.s.w.a.AnonymousAuthenticationFilter  : Set SecurityContextHolder to anonymous SecurityContext
2026-05-08T12:13:58.499-05:00 DEBUG 50116 --- [conteo-electoral] [nio-8081-exec-4] o.s.security.web.FilterChainProxy        : Secured POST /api/auth/login
2026-05-08T12:13:58.557-05:00 DEBUG 50116 --- [conteo-electoral] [nio-8081-exec-4] o.s.s.a.dao.DaoAuthenticationProvider    : Authenticated user
2026-05-08T12:13:58.578-05:00 DEBUG 50116 --- [conteo-electoral] [nio-8081-exec-3] o.s.security.web.FilterChainProxy        : Securing GET /api/provincias
2026-05-08T12:13:58.587-05:00 DEBUG 50116 --- [conteo-electoral] [nio-8081-exec-3] o.s.security.web.FilterChainProxy        : Secured GET /api/provincias
2026-05-08T12:13:58.607-05:00 DEBUG 50116 --- [conteo-electoral] [nio-8081-exec-8] o.s.security.web.FilterChainProxy        : Securing GET /api/cantones
2026-05-08T12:13:58.613-05:00 DEBUG 50116 --- [conteo-electoral] [nio-8081-exec-8] o.s.security.web.FilterChainProxy        : Secured GET /api/cantones
2026-05-08T12:13:58.622-05:00 DEBUG 50116 --- [conteo-electoral] [nio-8081-exec-7] o.s.security.web.FilterChainProxy        : Securing GET /api/parroquias
2026-05-08T12:13:58.631-05:00 DEBUG 50116 --- [conteo-electoral] [nio-8081-exec-7] o.s.security.web.FilterChainProxy        : Secured GET /api/parroquias
2026-05-08T12:13:58.640-05:00 DEBUG 50116 --- [conteo-electoral] [nio-8081-exec-6] o.s.security.web.FilterChainProxy        : Securing GET /api/instituciones
2026-05-08T12:13:58.651-05:00 DEBUG 50116 --- [conteo-electoral] [nio-8081-exec-6] o.s.security.web.FilterChainProxy        : Secured GET /api/instituciones
2026-05-08T12:13:58.660-05:00 DEBUG 50116 --- [conteo-electoral] [nio-8081-exec-9] o.s.security.web.FilterChainProxy        : Securing GET /api/zonas
2026-05-08T12:13:58.665-05:00 DEBUG 50116 --- [conteo-electoral] [nio-8081-exec-9] o.s.security.web.FilterChainProxy        : Secured GET /api/zonas
2026-05-08T12:13:58.673-05:00 DEBUG 50116 --- [conteo-electoral] [io-8081-exec-10] o.s.security.web.FilterChainProxy        : Securing GET /api/elecciones
2026-05-08T12:13:58.680-05:00 DEBUG 50116 --- [conteo-electoral] [io-8081-exec-10] o.s.security.web.FilterChainProxy        : Secured GET /api/elecciones
2026-05-08T12:14:14.549-05:00  INFO 50116 --- [conteo-electoral] [MessageBroker-1] o.s.w.s.c.WebSocketMessageBrokerStats    : WebSocketSession[0 current WS(0)-HttpStream(0)-HttpPoll(0), 0 total, 0 closed abnormally (0 connect failure, 0 send limit, 0 transport error)], stompSubProtocol[processed CONNECT(0)-CONNECTED(0)-DISCONNECT(0)], stompBrokerRelay[null], inboundChannel[pool size = 0, active threads = 0, queued tasks = 0, completed tasks = 0], outboundChannel[pool size = 0, active threads = 0, queued tasks = 0, completed tasks = 0], sockJsScheduler[pool size = 1, active threads = 1, queued tasks = 0, completed tasks = 0]
2026-05-08T12:44:14.554-05:00  INFO 50116 --- [conteo-electoral] [MessageBroker-1] o.s.w.s.c.WebSocketMessageBrokerStats    : WebSocketSession[0 current WS(0)-HttpStream(0)-HttpPoll(0), 0 total, 0 closed abnormally (0 connect failure, 0 send limit, 0 transport error)], stompSubProtocol[processed CONNECT(0)-CONNECTED(0)-DISCONNECT(0)], stompBrokerRelay[null], inboundChannel[pool size = 0, active threads = 0, queued tasks = 0, completed tasks = 0], outboundChannel[pool size = 0, active threads = 0, queued tasks = 0, completed tasks = 0], sockJsScheduler[pool size = 2, active threads = 1, queued tasks = 0, completed tasks = 1]
2026-05-08T13:05:45.924-05:00 DEBUG 50116 --- [conteo-electoral] [nio-8081-exec-2] o.s.security.web.FilterChainProxy        : Securing OPTIONS /api/zonas
2026-05-08T13:05:45.931-05:00 DEBUG 50116 --- [conteo-electoral] [nio-8081-exec-5] o.s.security.web.FilterChainProxy        : Securing GET /api/zonas
2026-05-08T13:05:45.941-05:00 DEBUG 50116 --- [conteo-electoral] [nio-8081-exec-5] o.s.security.web.FilterChainProxy        : Secured GET /api/zonas
2026-05-08T13:05:46.516-05:00 DEBUG 50116 --- [conteo-electoral] [nio-8081-exec-4] o.s.security.web.FilterChainProxy        : Securing OPTIONS /api/provincias
2026-05-08T13:05:46.516-05:00 DEBUG 50116 --- [conteo-electoral] [nio-8081-exec-3] o.s.security.web.FilterChainProxy        : Securing GET /api/zonas
2026-05-08T13:05:46.519-05:00 DEBUG 50116 --- [conteo-electoral] [nio-8081-exec-8] o.s.security.web.FilterChainProxy        : Securing GET /api/provincias
2026-05-08T13:05:46.524-05:00 DEBUG 50116 --- [conteo-electoral] [nio-8081-exec-3] o.s.security.web.FilterChainProxy        : Secured GET /api/zonas
2026-05-08T13:05:46.526-05:00 DEBUG 50116 --- [conteo-electoral] [nio-8081-exec-8] o.s.security.web.FilterChainProxy        : Secured GET /api/provincias
2026-05-08T13:05:54.921-05:00 DEBUG 50116 --- [conteo-electoral] [nio-8081-exec-7] o.s.security.web.FilterChainProxy        : Securing GET /api/provincias
2026-05-08T13:05:54.921-05:00 DEBUG 50116 --- [conteo-electoral] [nio-8081-exec-6] o.s.security.web.FilterChainProxy        : Securing OPTIONS /api/cantones
2026-05-08T13:05:54.923-05:00 DEBUG 50116 --- [conteo-electoral] [nio-8081-exec-9] o.s.security.web.FilterChainProxy        : Securing GET /api/cantones
2026-05-08T13:05:54.928-05:00 DEBUG 50116 --- [conteo-electoral] [nio-8081-exec-7] o.s.security.web.FilterChainProxy        : Secured GET /api/provincias
2026-05-08T13:05:54.929-05:00 DEBUG 50116 --- [conteo-electoral] [nio-8081-exec-9] o.s.security.web.FilterChainProxy        : Secured GET /api/cantones
2026-05-08T13:05:59.831-05:00 DEBUG 50116 --- [conteo-electoral] [io-8081-exec-10] o.s.security.web.FilterChainProxy        : Securing GET /api/provincias
2026-05-08T13:05:59.831-05:00 DEBUG 50116 --- [conteo-electoral] [nio-8081-exec-1] o.s.security.web.FilterChainProxy        : Securing GET /api/cantones
2026-05-08T13:05:59.839-05:00 DEBUG 50116 --- [conteo-electoral] [io-8081-exec-10] o.s.security.web.FilterChainProxy        : Secured GET /api/provincias
2026-05-08T13:05:59.841-05:00 DEBUG 50116 --- [conteo-electoral] [nio-8081-exec-1] o.s.security.web.FilterChainProxy        : Secured GET /api/cantones
2026-05-08T13:06:01.311-05:00 DEBUG 50116 --- [conteo-electoral] [nio-8081-exec-2] o.s.security.web.FilterChainProxy        : Securing GET /api/zonas
2026-05-08T13:06:01.319-05:00 DEBUG 50116 --- [conteo-electoral] [nio-8081-exec-2] o.s.security.web.FilterChainProxy        : Secured GET /api/zonas
2026-05-08T13:06:02.260-05:00 DEBUG 50116 --- [conteo-electoral] [nio-8081-exec-4] o.s.security.web.FilterChainProxy        : Securing GET /api/provincias
2026-05-08T13:06:02.260-05:00 DEBUG 50116 --- [conteo-electoral] [nio-8081-exec-5] o.s.security.web.FilterChainProxy        : Securing GET /api/zonas
2026-05-08T13:06:02.267-05:00 DEBUG 50116 --- [conteo-electoral] [nio-8081-exec-5] o.s.security.web.FilterChainProxy        : Secured GET /api/zonas
2026-05-08T13:06:02.267-05:00 DEBUG 50116 --- [conteo-electoral] [nio-8081-exec-4] o.s.security.web.FilterChainProxy        : Secured GET /api/provincias
2026-05-08T13:06:02.841-05:00 DEBUG 50116 --- [conteo-electoral] [nio-8081-exec-3] o.s.security.web.FilterChainProxy        : Securing GET /api/provincias
2026-05-08T13:06:02.841-05:00 DEBUG 50116 --- [conteo-electoral] [nio-8081-exec-8] o.s.security.web.FilterChainProxy        : Securing GET /api/cantones
2026-05-08T13:06:02.850-05:00 DEBUG 50116 --- [conteo-electoral] [nio-8081-exec-8] o.s.security.web.FilterChainProxy        : Secured GET /api/cantones
2026-05-08T13:06:02.850-05:00 DEBUG 50116 --- [conteo-electoral] [nio-8081-exec-3] o.s.security.web.FilterChainProxy        : Secured GET /api/provincias
2026-05-08T13:06:33.999-05:00 DEBUG 50116 --- [conteo-electoral] [nio-8081-exec-6] o.s.security.web.FilterChainProxy        : Securing OPTIONS /api/cantones
2026-05-08T13:06:34.001-05:00 DEBUG 50116 --- [conteo-electoral] [nio-8081-exec-9] o.s.security.web.FilterChainProxy        : Securing POST /api/cantones
2026-05-08T13:06:34.006-05:00 DEBUG 50116 --- [conteo-electoral] [nio-8081-exec-9] o.s.security.web.FilterChainProxy        : Secured POST /api/cantones
2026-05-08T13:06:34.032-05:00 DEBUG 50116 --- [conteo-electoral] [nio-8081-exec-7] o.s.security.web.FilterChainProxy        : Securing GET /api/cantones
2026-05-08T13:06:34.038-05:00 DEBUG 50116 --- [conteo-electoral] [nio-8081-exec-7] o.s.security.web.FilterChainProxy        : Secured GET /api/cantones
2026-05-08T13:06:42.896-05:00 DEBUG 50116 --- [conteo-electoral] [nio-8081-exec-1] o.s.security.web.FilterChainProxy        : Securing POST /api/cantones
2026-05-08T13:06:42.904-05:00 DEBUG 50116 --- [conteo-electoral] [nio-8081-exec-1] o.s.security.web.FilterChainProxy        : Secured POST /api/cantones
2026-05-08T13:06:42.921-05:00 DEBUG 50116 --- [conteo-electoral] [io-8081-exec-10] o.s.security.web.FilterChainProxy        : Securing GET /api/cantones
2026-05-08T13:06:42.928-05:00 DEBUG 50116 --- [conteo-electoral] [io-8081-exec-10] o.s.security.web.FilterChainProxy        : Secured GET /api/cantones
2026-05-08T13:06:49.441-05:00 DEBUG 50116 --- [conteo-electoral] [nio-8081-exec-2] o.s.security.web.FilterChainProxy        : Securing POST /api/cantones
2026-05-08T13:06:49.447-05:00 DEBUG 50116 --- [conteo-electoral] [nio-8081-exec-2] o.s.security.web.FilterChainProxy        : Secured POST /api/cantones
2026-05-08T13:06:49.463-05:00 DEBUG 50116 --- [conteo-electoral] [nio-8081-exec-5] o.s.security.web.FilterChainProxy        : Securing GET /api/cantones
2026-05-08T13:06:49.468-05:00 DEBUG 50116 --- [conteo-electoral] [nio-8081-exec-5] o.s.security.web.FilterChainProxy        : Secured GET /api/cantones
2026-05-08T13:06:58.762-05:00 DEBUG 50116 --- [conteo-electoral] [nio-8081-exec-4] o.s.security.web.FilterChainProxy        : Securing POST /api/cantones
2026-05-08T13:06:58.769-05:00 DEBUG 50116 --- [conteo-electoral] [nio-8081-exec-4] o.s.security.web.FilterChainProxy        : Secured POST /api/cantones
2026-05-08T13:06:58.780-05:00 DEBUG 50116 --- [conteo-electoral] [nio-8081-exec-8] o.s.security.web.FilterChainProxy        : Securing GET /api/cantones
2026-05-08T13:06:58.784-05:00 DEBUG 50116 --- [conteo-electoral] [nio-8081-exec-8] o.s.security.web.FilterChainProxy        : Secured GET /api/cantones
2026-05-08T13:07:12.974-05:00 DEBUG 50116 --- [conteo-electoral] [nio-8081-exec-6] o.s.security.web.FilterChainProxy        : Securing POST /api/cantones
2026-05-08T13:07:12.981-05:00 DEBUG 50116 --- [conteo-electoral] [nio-8081-exec-6] o.s.security.web.FilterChainProxy        : Secured POST /api/cantones
2026-05-08T13:07:12.994-05:00 DEBUG 50116 --- [conteo-electoral] [nio-8081-exec-9] o.s.security.web.FilterChainProxy        : Securing GET /api/cantones
2026-05-08T13:07:12.998-05:00 DEBUG 50116 --- [conteo-electoral] [nio-8081-exec-9] o.s.security.web.FilterChainProxy        : Secured GET /api/cantones
2026-05-08T13:07:33.413-05:00 DEBUG 50116 --- [conteo-electoral] [nio-8081-exec-7] o.s.security.web.FilterChainProxy        : Securing POST /api/cantones
2026-05-08T13:07:33.417-05:00 DEBUG 50116 --- [conteo-electoral] [nio-8081-exec-7] o.s.security.web.FilterChainProxy        : Secured POST /api/cantones
2026-05-08T13:07:33.430-05:00 DEBUG 50116 --- [conteo-electoral] [nio-8081-exec-1] o.s.security.web.FilterChainProxy        : Securing GET /api/cantones
2026-05-08T13:07:33.433-05:00 DEBUG 50116 --- [conteo-electoral] [nio-8081-exec-1] o.s.security.web.FilterChainProxy        : Secured GET /api/cantones
2026-05-08T13:10:56.975-05:00 DEBUG 50116 --- [conteo-electoral] [nio-8081-exec-5] o.s.security.web.FilterChainProxy        : Securing GET /api/cantones
2026-05-08T13:10:56.975-05:00 DEBUG 50116 --- [conteo-electoral] [nio-8081-exec-2] o.s.security.web.FilterChainProxy        : Securing OPTIONS /api/parroquias
2026-05-08T13:10:56.978-05:00 DEBUG 50116 --- [conteo-electoral] [nio-8081-exec-4] o.s.security.web.FilterChainProxy        : Securing GET /api/parroquias
2026-05-08T13:10:56.982-05:00 DEBUG 50116 --- [conteo-electoral] [nio-8081-exec-5] o.s.security.web.FilterChainProxy        : Secured GET /api/cantones
2026-05-08T13:10:56.984-05:00 DEBUG 50116 --- [conteo-electoral] [nio-8081-exec-4] o.s.security.web.FilterChainProxy        : Secured GET /api/parroquias
2026-05-08T13:11:14.787-05:00 DEBUG 50116 --- [conteo-electoral] [nio-8081-exec-8] o.s.security.web.FilterChainProxy        : Securing OPTIONS /api/parroquias
2026-05-08T13:11:14.789-05:00 DEBUG 50116 --- [conteo-electoral] [nio-8081-exec-3] o.s.security.web.FilterChainProxy        : Securing POST /api/parroquias
2026-05-08T13:11:14.795-05:00 DEBUG 50116 --- [conteo-electoral] [nio-8081-exec-3] o.s.security.web.FilterChainProxy        : Secured POST /api/parroquias
2026-05-08T13:11:14.813-05:00 DEBUG 50116 --- [conteo-electoral] [nio-8081-exec-6] o.s.security.web.FilterChainProxy        : Securing GET /api/parroquias
2026-05-08T13:11:14.820-05:00 DEBUG 50116 --- [conteo-electoral] [nio-8081-exec-6] o.s.security.web.FilterChainProxy        : Secured GET /api/parroquias
2026-05-08T13:11:42.053-05:00 DEBUG 50116 --- [conteo-electoral] [nio-8081-exec-9] o.s.security.web.FilterChainProxy        : Securing POST /api/parroquias
2026-05-08T13:11:42.058-05:00 DEBUG 50116 --- [conteo-electoral] [nio-8081-exec-9] o.s.security.web.FilterChainProxy        : Secured POST /api/parroquias
2026-05-08T13:11:42.074-05:00 DEBUG 50116 --- [conteo-electoral] [nio-8081-exec-7] o.s.security.web.FilterChainProxy        : Securing GET /api/parroquias
2026-05-08T13:11:42.079-05:00 DEBUG 50116 --- [conteo-electoral] [nio-8081-exec-7] o.s.security.web.FilterChainProxy        : Secured GET /api/parroquias
2026-05-08T13:12:05.609-05:00 DEBUG 50116 --- [conteo-electoral] [nio-8081-exec-2] o.s.security.web.FilterChainProxy        : Securing POST /api/parroquias
2026-05-08T13:12:05.617-05:00 DEBUG 50116 --- [conteo-electoral] [nio-8081-exec-2] o.s.security.web.FilterChainProxy        : Secured POST /api/parroquias
2026-05-08T13:12:05.631-05:00 DEBUG 50116 --- [conteo-electoral] [nio-8081-exec-5] o.s.security.web.FilterChainProxy        : Securing GET /api/parroquias
2026-05-08T13:12:05.636-05:00 DEBUG 50116 --- [conteo-electoral] [nio-8081-exec-5] o.s.security.web.FilterChainProxy        : Secured GET /api/parroquias
2026-05-08T13:12:17.544-05:00 DEBUG 50116 --- [conteo-electoral] [nio-8081-exec-4] o.s.security.web.FilterChainProxy        : Securing POST /api/parroquias
2026-05-08T13:12:17.550-05:00 DEBUG 50116 --- [conteo-electoral] [nio-8081-exec-4] o.s.security.web.FilterChainProxy        : Secured POST /api/parroquias
2026-05-08T13:12:17.562-05:00 DEBUG 50116 --- [conteo-electoral] [nio-8081-exec-8] o.s.security.web.FilterChainProxy        : Securing GET /api/parroquias
2026-05-08T13:12:17.568-05:00 DEBUG 50116 --- [conteo-electoral] [nio-8081-exec-8] o.s.security.web.FilterChainProxy        : Secured GET /api/parroquias
2026-05-08T13:12:26.242-05:00 DEBUG 50116 --- [conteo-electoral] [nio-8081-exec-3] o.s.security.web.FilterChainProxy        : Securing POST /api/parroquias
2026-05-08T13:12:26.252-05:00 DEBUG 50116 --- [conteo-electoral] [nio-8081-exec-3] o.s.security.web.FilterChainProxy        : Secured POST /api/parroquias
2026-05-08T13:12:26.268-05:00 DEBUG 50116 --- [conteo-electoral] [nio-8081-exec-6] o.s.security.web.FilterChainProxy        : Securing GET /api/parroquias
2026-05-08T13:12:26.274-05:00 DEBUG 50116 --- [conteo-electoral] [nio-8081-exec-6] o.s.security.web.FilterChainProxy        : Secured GET /api/parroquias
2026-05-08T13:12:51.800-05:00 DEBUG 50116 --- [conteo-electoral] [nio-8081-exec-9] o.s.security.web.FilterChainProxy        : Securing POST /api/parroquias
2026-05-08T13:12:51.809-05:00 DEBUG 50116 --- [conteo-electoral] [nio-8081-exec-9] o.s.security.web.FilterChainProxy        : Secured POST /api/parroquias
2026-05-08T13:12:51.823-05:00 DEBUG 50116 --- [conteo-electoral] [nio-8081-exec-7] o.s.security.web.FilterChainProxy        : Securing GET /api/parroquias
2026-05-08T13:12:51.831-05:00 DEBUG 50116 --- [conteo-electoral] [nio-8081-exec-7] o.s.security.web.FilterChainProxy        : Secured GET /api/parroquias
2026-05-08T13:13:10.332-05:00 DEBUG 50116 --- [conteo-electoral] [nio-8081-exec-1] o.s.security.web.FilterChainProxy        : Securing POST /api/parroquias
2026-05-08T13:13:10.341-05:00 DEBUG 50116 --- [conteo-electoral] [nio-8081-exec-1] o.s.security.web.FilterChainProxy        : Secured POST /api/parroquias
2026-05-08T13:13:10.352-05:00 DEBUG 50116 --- [conteo-electoral] [nio-8081-exec-2] o.s.security.web.FilterChainProxy        : Securing GET /api/parroquias
2026-05-08T13:13:10.356-05:00 DEBUG 50116 --- [conteo-electoral] [nio-8081-exec-2] o.s.security.web.FilterChainProxy        : Secured GET /api/parroquias
2026-05-08T13:13:23.581-05:00 DEBUG 50116 --- [conteo-electoral] [nio-8081-exec-5] o.s.security.web.FilterChainProxy        : Securing POST /api/parroquias
2026-05-08T13:13:23.588-05:00 DEBUG 50116 --- [conteo-electoral] [nio-8081-exec-5] o.s.security.web.FilterChainProxy        : Secured POST /api/parroquias
2026-05-08T13:13:23.603-05:00 DEBUG 50116 --- [conteo-electoral] [nio-8081-exec-4] o.s.security.web.FilterChainProxy        : Securing GET /api/parroquias
2026-05-08T13:13:23.610-05:00 DEBUG 50116 --- [conteo-electoral] [nio-8081-exec-4] o.s.security.web.FilterChainProxy        : Secured GET /api/parroquias
2026-05-08T13:13:47.749-05:00 DEBUG 50116 --- [conteo-electoral] [nio-8081-exec-8] o.s.security.web.FilterChainProxy        : Securing POST /api/parroquias
2026-05-08T13:13:47.755-05:00 DEBUG 50116 --- [conteo-electoral] [nio-8081-exec-8] o.s.security.web.FilterChainProxy        : Secured POST /api/parroquias
2026-05-08T13:13:47.767-05:00 DEBUG 50116 --- [conteo-electoral] [nio-8081-exec-3] o.s.security.web.FilterChainProxy        : Securing GET /api/parroquias
2026-05-08T13:13:47.773-05:00 DEBUG 50116 --- [conteo-electoral] [nio-8081-exec-3] o.s.security.web.FilterChainProxy        : Secured GET /api/parroquias
2026-05-08T13:14:03.611-05:00 DEBUG 50116 --- [conteo-electoral] [nio-8081-exec-6] o.s.security.web.FilterChainProxy        : Securing POST /api/parroquias
2026-05-08T13:14:03.621-05:00 DEBUG 50116 --- [conteo-electoral] [nio-8081-exec-6] o.s.security.web.FilterChainProxy        : Secured POST /api/parroquias
2026-05-08T13:14:03.639-05:00 DEBUG 50116 --- [conteo-electoral] [nio-8081-exec-9] o.s.security.web.FilterChainProxy        : Securing GET /api/parroquias
2026-05-08T13:14:03.644-05:00 DEBUG 50116 --- [conteo-electoral] [nio-8081-exec-9] o.s.security.web.FilterChainProxy        : Secured GET /api/parroquias
2026-05-08T13:14:11.421-05:00 DEBUG 50116 --- [conteo-electoral] [nio-8081-exec-7] o.s.security.web.FilterChainProxy        : Securing POST /api/parroquias
2026-05-08T13:14:11.427-05:00 DEBUG 50116 --- [conteo-electoral] [nio-8081-exec-7] o.s.security.web.FilterChainProxy        : Secured POST /api/parroquias
2026-05-08T13:14:11.444-05:00 DEBUG 50116 --- [conteo-electoral] [io-8081-exec-10] o.s.security.web.FilterChainProxy        : Securing GET /api/parroquias
2026-05-08T13:14:11.450-05:00 DEBUG 50116 --- [conteo-electoral] [io-8081-exec-10] o.s.security.web.FilterChainProxy        : Secured GET /api/parroquias
2026-05-08T13:14:14.558-05:00  INFO 50116 --- [conteo-electoral] [MessageBroker-2] o.s.w.s.c.WebSocketMessageBrokerStats    : WebSocketSession[0 current WS(0)-HttpStream(0)-HttpPoll(0), 0 total, 0 closed abnormally (0 connect failure, 0 send limit, 0 transport error)], stompSubProtocol[processed CONNECT(0)-CONNECTED(0)-DISCONNECT(0)], stompBrokerRelay[null], inboundChannel[pool size = 0, active threads = 0, queued tasks = 0, completed tasks = 0], outboundChannel[pool size = 0, active threads = 0, queued tasks = 0, completed tasks = 0], sockJsScheduler[pool size = 3, active threads = 1, queued tasks = 0, completed tasks = 2]
2026-05-08T13:14:22.889-05:00 DEBUG 50116 --- [conteo-electoral] [nio-8081-exec-1] o.s.security.web.FilterChainProxy        : Securing POST /api/parroquias
2026-05-08T13:14:22.896-05:00 DEBUG 50116 --- [conteo-electoral] [nio-8081-exec-1] o.s.security.web.FilterChainProxy        : Secured POST /api/parroquias
2026-05-08T13:14:22.918-05:00 DEBUG 50116 --- [conteo-electoral] [nio-8081-exec-2] o.s.security.web.FilterChainProxy        : Securing GET /api/parroquias
2026-05-08T13:14:22.925-05:00 DEBUG 50116 --- [conteo-electoral] [nio-8081-exec-2] o.s.security.web.FilterChainProxy        : Secured GET /api/parroquias
2026-05-08T13:14:57.141-05:00 DEBUG 50116 --- [conteo-electoral] [nio-8081-exec-5] o.s.security.web.FilterChainProxy        : Securing POST /api/parroquias
2026-05-08T13:14:57.171-05:00 DEBUG 50116 --- [conteo-electoral] [nio-8081-exec-5] o.s.security.web.FilterChainProxy        : Secured POST /api/parroquias
2026-05-08T13:14:57.188-05:00 DEBUG 50116 --- [conteo-electoral] [nio-8081-exec-4] o.s.security.web.FilterChainProxy        : Securing GET /api/parroquias
2026-05-08T13:14:57.199-05:00 DEBUG 50116 --- [conteo-electoral] [nio-8081-exec-4] o.s.security.web.FilterChainProxy        : Secured GET /api/parroquias
2026-05-08T13:16:07.898-05:00 DEBUG 50116 --- [conteo-electoral] [nio-8081-exec-3] o.s.security.web.FilterChainProxy        : Securing POST /api/parroquias
2026-05-08T13:16:07.907-05:00 DEBUG 50116 --- [conteo-electoral] [nio-8081-exec-3] o.s.security.web.FilterChainProxy        : Secured POST /api/parroquias
2026-05-08T13:16:07.926-05:00 DEBUG 50116 --- [conteo-electoral] [nio-8081-exec-6] o.s.security.web.FilterChainProxy        : Securing GET /api/parroquias
2026-05-08T13:16:07.932-05:00 DEBUG 50116 --- [conteo-electoral] [nio-8081-exec-6] o.s.security.web.FilterChainProxy        : Secured GET /api/parroquias
2026-05-08T13:16:13.771-05:00 DEBUG 50116 --- [conteo-electoral] [nio-8081-exec-9] o.s.security.web.FilterChainProxy        : Securing OPTIONS /api/parroquias/14
2026-05-08T13:16:13.774-05:00 DEBUG 50116 --- [conteo-electoral] [nio-8081-exec-7] o.s.security.web.FilterChainProxy        : Securing DELETE /api/parroquias/14
2026-05-08T13:16:13.781-05:00 DEBUG 50116 --- [conteo-electoral] [nio-8081-exec-7] o.s.security.web.FilterChainProxy        : Secured DELETE /api/parroquias/14
2026-05-08T13:16:13.830-05:00 DEBUG 50116 --- [conteo-electoral] [io-8081-exec-10] o.s.security.web.FilterChainProxy        : Securing GET /api/parroquias
2026-05-08T13:16:13.837-05:00 DEBUG 50116 --- [conteo-electoral] [io-8081-exec-10] o.s.security.web.FilterChainProxy        : Secured GET /api/parroquias
2026-05-08T13:16:25.184-05:00 DEBUG 50116 --- [conteo-electoral] [nio-8081-exec-1] o.s.security.web.FilterChainProxy        : Securing POST /api/parroquias
2026-05-08T13:16:25.191-05:00 DEBUG 50116 --- [conteo-electoral] [nio-8081-exec-1] o.s.security.web.FilterChainProxy        : Secured POST /api/parroquias
2026-05-08T13:16:25.215-05:00 DEBUG 50116 --- [conteo-electoral] [nio-8081-exec-2] o.s.security.web.FilterChainProxy        : Securing GET /api/parroquias
2026-05-08T13:16:25.219-05:00 DEBUG 50116 --- [conteo-electoral] [nio-8081-exec-2] o.s.security.web.FilterChainProxy        : Secured GET /api/parroquias
2026-05-08T13:16:35.275-05:00 DEBUG 50116 --- [conteo-electoral] [nio-8081-exec-5] o.s.security.web.FilterChainProxy        : Securing POST /api/parroquias
2026-05-08T13:16:35.283-05:00 DEBUG 50116 --- [conteo-electoral] [nio-8081-exec-5] o.s.security.web.FilterChainProxy        : Secured POST /api/parroquias
2026-05-08T13:16:35.302-05:00 DEBUG 50116 --- [conteo-electoral] [nio-8081-exec-4] o.s.security.web.FilterChainProxy        : Securing GET /api/parroquias
2026-05-08T13:16:35.305-05:00 DEBUG 50116 --- [conteo-electoral] [nio-8081-exec-4] o.s.security.web.FilterChainProxy        : Secured GET /api/parroquias
2026-05-08T13:16:48.768-05:00 DEBUG 50116 --- [conteo-electoral] [nio-8081-exec-8] o.s.security.web.FilterChainProxy        : Securing POST /api/parroquias
2026-05-08T13:16:48.778-05:00 DEBUG 50116 --- [conteo-electoral] [nio-8081-exec-8] o.s.security.web.FilterChainProxy        : Secured POST /api/parroquias
2026-05-08T13:16:48.796-05:00 DEBUG 50116 --- [conteo-electoral] [nio-8081-exec-3] o.s.security.web.FilterChainProxy        : Securing GET /api/parroquias
2026-05-08T13:16:48.807-05:00 DEBUG 50116 --- [conteo-electoral] [nio-8081-exec-3] o.s.security.web.FilterChainProxy        : Secured GET /api/parroquias
