[INFO] Scanning for projects...
[INFO] 
[INFO] -------------------< com.electoral:conteo-electoral >-------------------
[INFO] Building ConteoElectoral 1.0.0
[INFO]   from pom.xml
[INFO] --------------------------------[ jar ]---------------------------------
[INFO] 
[INFO] >>> spring-boot:3.2.1:run (default-cli) > test-compile @ conteo-electoral >>>
[INFO] 
[INFO] --- resources:3.3.1:resources (default-resources) @ conteo-electoral ---
[INFO] Copying 1 resource from src\main\resources to target\classes
[INFO] Copying 9 resources from src\main\resources to target\classes
[INFO] 
[INFO] --- compiler:3.11.0:compile (default-compile) @ conteo-electoral ---
[INFO] Nothing to compile - all classes are up to date
[INFO] 
[INFO] --- resources:3.3.1:testResources (default-testResources) @ conteo-electoral ---
[INFO] Copying 1 resource from src\test\resources to target\test-classes
[INFO] 
[INFO] --- compiler:3.11.0:testCompile (default-testCompile) @ conteo-electoral ---
[INFO] Nothing to compile - all classes are up to date
[INFO] 
[INFO] <<< spring-boot:3.2.1:run (default-cli) < test-compile @ conteo-electoral <<<
[INFO] 
[INFO] 
[INFO] --- spring-boot:3.2.1:run (default-cli) @ conteo-electoral ---
[INFO] Attaching agents: []

  .   ____          _            __ _ _
 /\\ / ___'_ __ _ _(_)_ __  __ _ \ \ \ \
( ( )\___ | '_ | '_| | '_ \/ _` | \ \ \ \
 \\/  ___)| |_)| | | | | || (_| |  ) ) ) )
  '  |____| .__|_| |_|_| |_\__, | / / / /
 =========|_|==============|___/=/_/_/_/
 :: Spring Boot ::                (v3.2.1)

2026-07-23T14:37:50.941-05:00  INFO 48276 --- [conteo-electoral] [           main] c.electoral.ConteoElectoralApplication   : Starting ConteoElectoralApplication using Java 21.0.10 with PID 48276 (C:\Users\Alexi\Documents\PROYECTOS\ConteoElectoral\backend\target\classes started by Alexi in C:\Users\Alexi\Documents\PROYECTOS\ConteoElectoral\backend)
2026-07-23T14:37:50.942-05:00 DEBUG 48276 --- [conteo-electoral] [           main] c.electoral.ConteoElectoralApplication   : Running with Spring Boot v3.2.1, Spring v6.1.2
2026-07-23T14:37:50.944-05:00  INFO 48276 --- [conteo-electoral] [           main] c.electoral.ConteoElectoralApplication   : No active profile set, falling back to 1 default profile: "default"
2026-07-23T14:37:51.448-05:00  INFO 48276 --- [conteo-electoral] [           main] .s.d.r.c.RepositoryConfigurationDelegate : Bootstrapping Spring Data JPA repositories in DEFAULT mode.
2026-07-23T14:37:51.523-05:00  INFO 48276 --- [conteo-electoral] [           main] .s.d.r.c.RepositoryConfigurationDelegate : Finished Spring Data repository scanning in 67 ms. Found 34 JPA repository interfaces.
2026-07-23T14:37:52.043-05:00  INFO 48276 --- [conteo-electoral] [           main] o.s.b.w.embedded.tomcat.TomcatWebServer  : Tomcat initialized with port 8081 (http)
2026-07-23T14:37:52.054-05:00  INFO 48276 --- [conteo-electoral] [           main] o.apache.catalina.core.StandardService   : Starting service [Tomcat]
2026-07-23T14:37:52.054-05:00  INFO 48276 --- [conteo-electoral] [           main] o.apache.catalina.core.StandardEngine    : Starting Servlet engine: [Apache Tomcat/10.1.17]
2026-07-23T14:37:52.097-05:00  INFO 48276 --- [conteo-electoral] [           main] o.a.c.c.C.[Tomcat].[localhost].[/]       : Initializing Spring embedded WebApplicationContext
2026-07-23T14:37:52.098-05:00  INFO 48276 --- [conteo-electoral] [           main] w.s.c.ServletWebServerApplicationContext : Root WebApplicationContext: initialization completed in 1126 ms
2026-07-23T14:37:52.165-05:00  INFO 48276 --- [conteo-electoral] [           main] com.zaxxer.hikari.HikariDataSource       : HikariPool-1 - Starting...
2026-07-23T14:37:52.358-05:00  INFO 48276 --- [conteo-electoral] [           main] com.zaxxer.hikari.pool.HikariPool        : HikariPool-1 - Added connection org.postgresql.jdbc.PgConnection@76a1146d
2026-07-23T14:37:52.362-05:00  INFO 48276 --- [conteo-electoral] [           main] com.zaxxer.hikari.HikariDataSource       : HikariPool-1 - Start completed.
2026-07-23T14:37:52.408-05:00  INFO 48276 --- [conteo-electoral] [           main] o.f.c.internal.license.VersionPrinter    : Flyway Community Edition 9.22.3 by Redgate
2026-07-23T14:37:52.408-05:00  INFO 48276 --- [conteo-electoral] [           main] o.f.c.internal.license.VersionPrinter    : See release notes here: https://rd.gt/416ObMi
2026-07-23T14:37:52.408-05:00  INFO 48276 --- [conteo-electoral] [           main] o.f.c.internal.license.VersionPrinter    : 
2026-07-23T14:37:52.419-05:00  INFO 48276 --- [conteo-electoral] [           main] org.flywaydb.core.FlywayExecutor         : Database: jdbc:postgresql://192.168.100.215:5432/conteo_electoral (PostgreSQL 16.14)
2026-07-23T14:37:52.436-05:00  WARN 48276 --- [conteo-electoral] [           main] o.f.c.internal.database.base.Database    : Flyway upgrade recommended: PostgreSQL 16.14 is newer than this version of Flyway and support has not been tested. The latest supported version of PostgreSQL is 15.
2026-07-23T14:37:52.480-05:00  INFO 48276 --- [conteo-electoral] [           main] o.f.core.internal.command.DbValidate     : Successfully validated 9 migrations (execution time 00:00.029s)
2026-07-23T14:37:52.530-05:00  INFO 48276 --- [conteo-electoral] [           main] o.f.core.internal.command.DbMigrate      : Current version of schema "public": 1.6.0
2026-07-23T14:37:52.534-05:00  INFO 48276 --- [conteo-electoral] [           main] o.f.core.internal.command.DbMigrate      : Schema "public" is up to date. No migration necessary.
2026-07-23T14:37:52.597-05:00  INFO 48276 --- [conteo-electoral] [           main] o.hibernate.jpa.internal.util.LogHelper  : HHH000204: Processing PersistenceUnitInfo [name: default]
2026-07-23T14:37:52.633-05:00  INFO 48276 --- [conteo-electoral] [           main] org.hibernate.Version                    : HHH000412: Hibernate ORM core version 6.4.1.Final
2026-07-23T14:37:52.653-05:00  INFO 48276 --- [conteo-electoral] [           main] o.h.c.internal.RegionFactoryInitiator    : HHH000026: Second-level cache disabled
2026-07-23T14:37:52.777-05:00  INFO 48276 --- [conteo-electoral] [           main] o.s.o.j.p.SpringPersistenceUnitInfo      : No LoadTimeWeaver setup: ignoring JPA class transformer
2026-07-23T14:37:53.711-05:00  INFO 48276 --- [conteo-electoral] [           main] o.h.e.t.j.p.i.JtaPlatformInitiator       : HHH000489: No JTA platform available (set 'hibernate.transaction.jta.platform' to enable JTA platform integration)
2026-07-23T14:37:54.252-05:00  INFO 48276 --- [conteo-electoral] [           main] j.LocalContainerEntityManagerFactoryBean : Initialized JPA EntityManagerFactory for persistence unit 'default'
2026-07-23T14:37:54.430-05:00  INFO 48276 --- [conteo-electoral] [           main] o.s.d.j.r.query.QueryEnhancerFactory     : Hibernate is in classpath; If applicable, HQL parser will be used.
2026-07-23T14:37:54.706-05:00 DEBUG 48276 --- [conteo-electoral] [           main] c.e.security.JwtAuthenticationFilter     : Filter 'jwtAuthenticationFilter' configured for use
2026-07-23T14:37:56.151-05:00  INFO 48276 --- [conteo-electoral] [           main] o.s.s.web.DefaultSecurityFilterChain     : Will secure any request with [org.springframework.security.web.session.DisableEncodeUrlFilter@79e464a, org.springframework.security.web.context.request.async.WebAsyncManagerIntegrationFilter@6a35f9fd, org.springframework.security.web.context.SecurityContextHolderFilter@7c53d3c, org.springframework.security.web.header.HeaderWriterFilter@22d9558, org.springframework.web.filter.CorsFilter@578fb678, org.springframework.security.web.authentication.logout.LogoutFilter@2b1fecfc, com.electoral.security.JwtAuthenticationFilter@14d3bee8, org.springframework.security.web.savedrequest.RequestCacheAwareFilter@340c211e, org.springframework.security.web.servletapi.SecurityContextHolderAwareRequestFilter@36545439, org.springframework.security.web.authentication.AnonymousAuthenticationFilter@533e74c5, org.springframework.security.web.session.SessionManagementFilter@28c076b5, org.springframework.security.web.access.ExceptionTranslationFilter@606beba4, org.springframework.security.web.access.intercept.AuthorizationFilter@422ff506]
2026-07-23T14:37:56.425-05:00  INFO 48276 --- [conteo-electoral] [           main] o.s.b.w.embedded.tomcat.TomcatWebServer  : Tomcat started on port 8081 (http) with context path ''
2026-07-23T14:37:56.429-05:00  INFO 48276 --- [conteo-electoral] [           main] o.s.m.s.b.SimpleBrokerMessageHandler     : Starting...
2026-07-23T14:37:56.429-05:00  INFO 48276 --- [conteo-electoral] [           main] o.s.m.s.b.SimpleBrokerMessageHandler     : BrokerAvailabilityEvent[available=true, SimpleBrokerMessageHandler [org.springframework.messaging.simp.broker.DefaultSubscriptionRegistry@4e670245]]
2026-07-23T14:37:56.430-05:00  INFO 48276 --- [conteo-electoral] [           main] o.s.m.s.b.SimpleBrokerMessageHandler     : Started.
2026-07-23T14:37:56.436-05:00  INFO 48276 --- [conteo-electoral] [           main] c.electoral.ConteoElectoralApplication   : Started ConteoElectoralApplication in 5.746 seconds (process running for 5.978)
2026-07-23T14:37:56.438-05:00  INFO 48276 --- [conteo-electoral] [           main] com.electoral.DataInitializer            : === INICIANDO DATAINITIALIZER ===
2026-07-23T14:37:56.635-05:00  INFO 48276 --- [conteo-electoral] [           main] com.electoral.DataInitializer            : Password de admin reseteado a: admin123
2026-07-23T14:37:56.642-05:00  INFO 48276 --- [conteo-electoral] [           main] com.electoral.DataInitializer            : === DATAINITIALIZER COMPLETADO ===
2026-07-23T14:38:01.280-05:00  INFO 48276 --- [conteo-electoral] [nio-8081-exec-2] o.a.c.c.C.[Tomcat].[localhost].[/]       : Initializing Spring DispatcherServlet 'dispatcherServlet'
2026-07-23T14:38:01.281-05:00  INFO 48276 --- [conteo-electoral] [nio-8081-exec-2] o.s.web.servlet.DispatcherServlet        : Initializing Servlet 'dispatcherServlet'
2026-07-23T14:38:01.283-05:00  INFO 48276 --- [conteo-electoral] [nio-8081-exec-2] o.s.web.servlet.DispatcherServlet        : Completed initialization in 2 ms
2026-07-23T14:38:01.293-05:00 DEBUG 48276 --- [conteo-electoral] [nio-8081-exec-2] o.s.security.web.FilterChainProxy        : Securing GET /ws/info?t=1784835481247
2026-07-23T14:38:01.304-05:00 DEBUG 48276 --- [conteo-electoral] [nio-8081-exec-2] o.s.s.w.a.AnonymousAuthenticationFilter  : Set SecurityContextHolder to anonymous SecurityContext
2026-07-23T14:38:01.305-05:00 DEBUG 48276 --- [conteo-electoral] [nio-8081-exec-2] o.s.security.web.FilterChainProxy        : Secured GET /ws/info?t=1784835481247
2026-07-23T14:38:01.318-05:00 DEBUG 48276 --- [conteo-electoral] [nio-8081-exec-3] o.s.security.web.FilterChainProxy        : Securing GET /ws/455/a3eak1d0/websocket
2026-07-23T14:38:01.319-05:00 DEBUG 48276 --- [conteo-electoral] [nio-8081-exec-3] o.s.s.w.a.AnonymousAuthenticationFilter  : Set SecurityContextHolder to anonymous SecurityContext
2026-07-23T14:38:01.319-05:00 DEBUG 48276 --- [conteo-electoral] [nio-8081-exec-3] o.s.security.web.FilterChainProxy        : Secured GET /ws/455/a3eak1d0/websocket
2026-07-23T14:38:56.415-05:00  INFO 48276 --- [conteo-electoral] [essageBroker-11] o.s.w.s.c.WebSocketMessageBrokerStats    : WebSocketSession[1 current WS(1)-HttpStream(0)-HttpPoll(0), 1 total, 0 closed abnormally (0 connect failure, 0 send limit, 0 transport error)], stompSubProtocol[processed CONNECT(1)-CONNECTED(1)-DISCONNECT(0)], stompBrokerRelay[null], inboundChannel[pool size = 3, active threads = 0, queued tasks = 0, completed tasks = 3], outboundChannel[pool size = 1, active threads = 0, queued tasks = 0, completed tasks = 1], sockJsScheduler[pool size = 18, active threads = 1, queued tasks = 2, completed tasks = 14]
2026-07-23T14:39:25.921-05:00 DEBUG 48276 --- [conteo-electoral] [nio-8081-exec-7] o.s.security.web.FilterChainProxy        : Securing OPTIONS /api/auth/login
2026-07-23T14:39:25.926-05:00 DEBUG 48276 --- [conteo-electoral] [nio-8081-exec-1] o.s.security.web.FilterChainProxy        : Securing POST /api/auth/login
2026-07-23T14:39:25.929-05:00 DEBUG 48276 --- [conteo-electoral] [nio-8081-exec-1] o.s.s.w.a.AnonymousAuthenticationFilter  : Set SecurityContextHolder to anonymous SecurityContext
2026-07-23T14:39:25.929-05:00 DEBUG 48276 --- [conteo-electoral] [nio-8081-exec-1] o.s.security.web.FilterChainProxy        : Secured POST /api/auth/login
2026-07-23T14:39:26.221-05:00 DEBUG 48276 --- [conteo-electoral] [nio-8081-exec-1] o.s.s.a.dao.DaoAuthenticationProvider    : Authenticated user
2026-07-23T14:39:26.315-05:00 DEBUG 48276 --- [conteo-electoral] [nio-8081-exec-6] o.s.security.web.FilterChainProxy        : Securing OPTIONS /api/auth/me
2026-07-23T14:39:26.320-05:00 DEBUG 48276 --- [conteo-electoral] [nio-8081-exec-8] o.s.security.web.FilterChainProxy        : Securing GET /api/auth/me
2026-07-23T14:39:26.354-05:00 DEBUG 48276 --- [conteo-electoral] [nio-8081-exec-8] o.s.security.web.FilterChainProxy        : Secured GET /api/auth/me
2026-07-23T14:39:26.380-05:00 DEBUG 48276 --- [conteo-electoral] [nio-8081-exec-9] o.s.security.web.FilterChainProxy        : Securing OPTIONS /api/elecciones/activas
2026-07-23T14:39:26.382-05:00 DEBUG 48276 --- [conteo-electoral] [nio-8081-exec-4] o.s.security.web.FilterChainProxy        : Securing GET /api/elecciones/activas
2026-07-23T14:39:26.390-05:00 DEBUG 48276 --- [conteo-electoral] [nio-8081-exec-4] o.s.security.web.FilterChainProxy        : Secured GET /api/elecciones/activas
2026-07-23T14:39:26.394-05:00 DEBUG 48276 --- [conteo-electoral] [io-8081-exec-10] o.s.security.web.FilterChainProxy        : Securing GET /ws/info?t=1784835566391
2026-07-23T14:39:26.396-05:00 DEBUG 48276 --- [conteo-electoral] [io-8081-exec-10] o.s.s.w.a.AnonymousAuthenticationFilter  : Set SecurityContextHolder to anonymous SecurityContext
2026-07-23T14:39:26.396-05:00 DEBUG 48276 --- [conteo-electoral] [io-8081-exec-10] o.s.security.web.FilterChainProxy        : Secured GET /ws/info?t=1784835566391
2026-07-23T14:39:26.407-05:00 DEBUG 48276 --- [conteo-electoral] [nio-8081-exec-2] o.s.security.web.FilterChainProxy        : Securing GET /ws/137/3cv4grzq/websocket
2026-07-23T14:39:26.408-05:00 DEBUG 48276 --- [conteo-electoral] [nio-8081-exec-2] o.s.s.w.a.AnonymousAuthenticationFilter  : Set SecurityContextHolder to anonymous SecurityContext
2026-07-23T14:39:26.409-05:00 DEBUG 48276 --- [conteo-electoral] [nio-8081-exec-2] o.s.security.web.FilterChainProxy        : Secured GET /ws/137/3cv4grzq/websocket
2026-07-23T14:39:26.438-05:00 DEBUG 48276 --- [conteo-electoral] [nio-8081-exec-5] o.s.security.web.FilterChainProxy        : Securing OPTIONS /api/candidatos/eleccion/1
2026-07-23T14:39:26.438-05:00 DEBUG 48276 --- [conteo-electoral] [nio-8081-exec-7] o.s.security.web.FilterChainProxy        : Securing OPTIONS /api/partidos/eleccion/1
2026-07-23T14:39:26.438-05:00 DEBUG 48276 --- [conteo-electoral] [nio-8081-exec-6] o.s.security.web.FilterChainProxy        : Securing GET /api/listas-electorales/eleccion/1
2026-07-23T14:39:26.439-05:00 DEBUG 48276 --- [conteo-electoral] [nio-8081-exec-1] o.s.security.web.FilterChainProxy        : Securing OPTIONS /api/cargos/eleccion/1
2026-07-23T14:39:26.440-05:00 DEBUG 48276 --- [conteo-electoral] [nio-8081-exec-8] o.s.security.web.FilterChainProxy        : Securing OPTIONS /api/mesas/usuario/actual/eleccion/1
2026-07-23T14:39:26.441-05:00 DEBUG 48276 --- [conteo-electoral] [nio-8081-exec-3] o.s.security.web.FilterChainProxy        : Securing GET /api/cargos/eleccion/1
2026-07-23T14:39:26.441-05:00 DEBUG 48276 --- [conteo-electoral] [nio-8081-exec-2] o.s.security.web.FilterChainProxy        : Securing GET /api/partidos/eleccion/1
2026-07-23T14:39:26.441-05:00 DEBUG 48276 --- [conteo-electoral] [io-8081-exec-10] o.s.security.web.FilterChainProxy        : Securing GET /api/candidatos/eleccion/1
2026-07-23T14:39:26.442-05:00 DEBUG 48276 --- [conteo-electoral] [nio-8081-exec-4] o.s.security.web.FilterChainProxy        : Securing GET /api/mesas/usuario/actual/eleccion/1
2026-07-23T14:39:26.448-05:00 DEBUG 48276 --- [conteo-electoral] [nio-8081-exec-6] o.s.security.web.FilterChainProxy        : Secured GET /api/listas-electorales/eleccion/1
2026-07-23T14:39:26.453-05:00 DEBUG 48276 --- [conteo-electoral] [nio-8081-exec-2] o.s.security.web.FilterChainProxy        : Secured GET /api/partidos/eleccion/1
2026-07-23T14:39:26.453-05:00 DEBUG 48276 --- [conteo-electoral] [nio-8081-exec-3] o.s.security.web.FilterChainProxy        : Secured GET /api/cargos/eleccion/1
2026-07-23T14:39:26.453-05:00 DEBUG 48276 --- [conteo-electoral] [io-8081-exec-10] o.s.security.web.FilterChainProxy        : Secured GET /api/candidatos/eleccion/1
2026-07-23T14:39:26.454-05:00 DEBUG 48276 --- [conteo-electoral] [nio-8081-exec-4] o.s.security.web.FilterChainProxy        : Secured GET /api/mesas/usuario/actual/eleccion/1
2026-07-23T14:39:26.498-05:00 DEBUG 48276 --- [conteo-electoral] [nio-8081-exec-9] o.s.security.web.FilterChainProxy        : Securing OPTIONS /api/votos/mesa/9
2026-07-23T14:39:26.501-05:00 DEBUG 48276 --- [conteo-electoral] [nio-8081-exec-5] o.s.security.web.FilterChainProxy        : Securing GET /api/votos/mesa/9
2026-07-23T14:39:26.510-05:00 DEBUG 48276 --- [conteo-electoral] [nio-8081-exec-5] o.s.security.web.FilterChainProxy        : Secured GET /api/votos/mesa/9
2026-07-23T14:39:30.548-05:00 DEBUG 48276 --- [conteo-electoral] [nio-8081-exec-7] o.s.security.web.FilterChainProxy        : Securing OPTIONS /api/listas-electorales/1
2026-07-23T14:39:30.550-05:00 DEBUG 48276 --- [conteo-electoral] [nio-8081-exec-1] o.s.security.web.FilterChainProxy        : Securing GET /api/listas-electorales/1
2026-07-23T14:39:30.560-05:00 DEBUG 48276 --- [conteo-electoral] [nio-8081-exec-1] o.s.security.web.FilterChainProxy        : Secured GET /api/listas-electorales/1
2026-07-23T14:39:46.683-05:00 DEBUG 48276 --- [conteo-electoral] [nio-8081-exec-8] o.s.security.web.FilterChainProxy        : Securing OPTIONS /api/votos/mesa/8
2026-07-23T14:39:46.688-05:00 DEBUG 48276 --- [conteo-electoral] [nio-8081-exec-2] o.s.security.web.FilterChainProxy        : Securing GET /api/votos/mesa/8
2026-07-23T14:39:46.700-05:00 DEBUG 48276 --- [conteo-electoral] [nio-8081-exec-2] o.s.security.web.FilterChainProxy        : Secured GET /api/votos/mesa/8
2026-07-23T14:39:50.285-05:00 DEBUG 48276 --- [conteo-electoral] [nio-8081-exec-6] o.s.security.web.FilterChainProxy        : Securing GET /api/listas-electorales/1
2026-07-23T14:39:50.297-05:00 DEBUG 48276 --- [conteo-electoral] [nio-8081-exec-6] o.s.security.web.FilterChainProxy        : Secured GET /api/listas-electorales/1
2026-07-23T14:40:03.522-05:00 DEBUG 48276 --- [conteo-electoral] [nio-8081-exec-3] o.s.security.web.FilterChainProxy        : Securing POST /api/votos
2026-07-23T14:40:03.533-05:00 DEBUG 48276 --- [conteo-electoral] [nio-8081-exec-3] o.s.security.web.FilterChainProxy        : Secured POST /api/votos
2026-07-23T14:40:03.540-05:00 DEBUG 48276 --- [conteo-electoral] [nio-8081-exec-3] horizationManagerBeforeMethodInterceptor : Authorizing method invocation ReflectiveMethodInvocation: public org.springframework.http.ResponseEntity com.electoral.controllers.VotoController.registrarVoto(com.electoral.dto.VotoRequest); target is of class [com.electoral.controllers.VotoController]
2026-07-23T14:40:03.548-05:00 DEBUG 48276 --- [conteo-electoral] [nio-8081-exec-3] horizationManagerBeforeMethodInterceptor : Authorized method invocation ReflectiveMethodInvocation: public org.springframework.http.ResponseEntity com.electoral.controllers.VotoController.registrarVoto(com.electoral.dto.VotoRequest); target is of class [com.electoral.controllers.VotoController]
2026-07-23T14:40:03.573-05:00 ERROR 48276 --- [conteo-electoral] [nio-8081-exec-3] c.e.exception.GlobalExceptionHandler     : Recurso no encontrado: No hay candidatos en la lista ID: 1
[INFO] ------------------------------------------------------------------------
[INFO] BUILD FAILURE
[INFO] ------------------------------------------------------------------------
[INFO] Total time:  02:15 min
[INFO] Finished at: 2026-07-23T14:40:04-05:00
[INFO] ------------------------------------------------------------------------
[ERROR] Failed to execute goal org.springframework.boot:spring-boot-maven-plugin:3.2.1:run (default-cli) on project conteo-electoral: Process terminated with exit code: -1 -> [Help 1]
[ERROR] 
[ERROR] To see the full stack trace of the errors, re-run Maven with the -e switch.
[ERROR] Re-run Maven using the -X switch to enable full debug logging.
[ERROR] 
[ERROR] For more information about the errors and possible solutions, please read the following articles:
[ERROR] [Help 1] http://cwiki.apache.org/confluence/display/MAVEN/MojoExecutionException
