[INFO] Scanning for projects...
[INFO] 
[INFO] -------------------< com.electoral:conteo-electoral >-------------------
[INFO] Building ConteoElectoral 1.0.0
[INFO]   from pom.xml
[INFO] --------------------------------[ jar ]---------------------------------
[INFO] 
[INFO] >>> spring-boot:3.2.1:run (default-cli) > test-compile @ conteo-electoral >>>
[INFO] 
[INFO] --- resources:3.3.1:resources (default-resources) @ conteo-electoral ---
[INFO] Copying 1 resource from src\main\resources to target\classes
[INFO] Copying 9 resources from src\main\resources to target\classes
[INFO] 
[INFO] --- compiler:3.11.0:compile (default-compile) @ conteo-electoral ---
[INFO] Nothing to compile - all classes are up to date
[INFO] 
[INFO] --- resources:3.3.1:testResources (default-testResources) @ conteo-electoral ---
[INFO] Copying 1 resource from src\test\resources to target\test-classes
[INFO] 
[INFO] --- compiler:3.11.0:testCompile (default-testCompile) @ conteo-electoral ---
[INFO] Nothing to compile - all classes are up to date
[INFO] 
[INFO] <<< spring-boot:3.2.1:run (default-cli) < test-compile @ conteo-electoral <<<
[INFO] 
[INFO] 
[INFO] --- spring-boot:3.2.1:run (default-cli) @ conteo-electoral ---
[INFO] Attaching agents: []

  .   ____          _            __ _ _
 /\\ / ___'_ __ _ _(_)_ __  __ _ \ \ \ \
( ( )\___ | '_ | '_| | '_ \/ _` | \ \ \ \
 \\/  ___)| |_)| | | | | || (_| |  ) ) ) )
  '  |____| .__|_| |_|_| |_\__, | / / / /
 =========|_|==============|___/=/_/_/_/
 :: Spring Boot ::                (v3.2.1)

2026-07-23T14:39:11.631-05:00  INFO 43872 --- [conteo-electoral] [           main] c.electoral.ConteoElectoralApplication   : Starting ConteoElectoralApplication using Java 21.0.10 with PID 43872 (C:\Users\Alexi\Documents\PROYECTOS\ConteoElectoral\backend\target\classes started by Alexi in C:\Users\Alexi\Documents\PROYECTOS\ConteoElectoral\backend)
2026-07-23T14:39:11.633-05:00 DEBUG 43872 --- [conteo-electoral] [           main] c.electoral.ConteoElectoralApplication   : Running with Spring Boot v3.2.1, Spring v6.1.2
2026-07-23T14:39:11.634-05:00  INFO 43872 --- [conteo-electoral] [           main] c.electoral.ConteoElectoralApplication   : No active profile set, falling back to 1 default profile: "default"
2026-07-23T14:39:12.293-05:00  INFO 43872 --- [conteo-electoral] [           main] .s.d.r.c.RepositoryConfigurationDelegate : Bootstrapping Spring Data JPA repositories in DEFAULT mode.
2026-07-23T14:39:12.422-05:00  INFO 43872 --- [conteo-electoral] [           main] .s.d.r.c.RepositoryConfigurationDelegate : Finished Spring Data repository scanning in 124 ms. Found 34 JPA repository interfaces.
2026-07-23T14:39:13.353-05:00  INFO 43872 --- [conteo-electoral] [           main] o.s.b.w.embedded.tomcat.TomcatWebServer  : Tomcat initialized with port 8081 (http)
2026-07-23T14:39:13.365-05:00  INFO 43872 --- [conteo-electoral] [           main] o.apache.catalina.core.StandardService   : Starting service [Tomcat]
2026-07-23T14:39:13.366-05:00  INFO 43872 --- [conteo-electoral] [           main] o.apache.catalina.core.StandardEngine    : Starting Servlet engine: [Apache Tomcat/10.1.17]
2026-07-23T14:39:13.440-05:00  INFO 43872 --- [conteo-electoral] [           main] o.a.c.c.C.[Tomcat].[localhost].[/]       : Initializing Spring embedded WebApplicationContext
2026-07-23T14:39:13.444-05:00  INFO 43872 --- [conteo-electoral] [           main] w.s.c.ServletWebServerApplicationContext : Root WebApplicationContext: initialization completed in 1773 ms
2026-07-23T14:39:13.582-05:00  INFO 43872 --- [conteo-electoral] [           main] com.zaxxer.hikari.HikariDataSource       : HikariPool-1 - Starting...
2026-07-23T14:39:13.893-05:00  INFO 43872 --- [conteo-electoral] [           main] com.zaxxer.hikari.pool.HikariPool        : HikariPool-1 - Added connection org.postgresql.jdbc.PgConnection@41e8d917
2026-07-23T14:39:13.895-05:00  INFO 43872 --- [conteo-electoral] [           main] com.zaxxer.hikari.HikariDataSource       : HikariPool-1 - Start completed.
2026-07-23T14:39:13.986-05:00  INFO 43872 --- [conteo-electoral] [           main] o.f.c.internal.license.VersionPrinter    : Flyway Community Edition 9.22.3 by Redgate
2026-07-23T14:39:13.990-05:00  INFO 43872 --- [conteo-electoral] [           main] o.f.c.internal.license.VersionPrinter    : See release notes here: https://rd.gt/416ObMi
2026-07-23T14:39:13.990-05:00  INFO 43872 --- [conteo-electoral] [           main] o.f.c.internal.license.VersionPrinter    : 
2026-07-23T14:39:14.010-05:00  INFO 43872 --- [conteo-electoral] [           main] org.flywaydb.core.FlywayExecutor         : Database: jdbc:postgresql://192.168.100.215:5432/conteo_electoral (PostgreSQL 16.14)
2026-07-23T14:39:14.027-05:00  WARN 43872 --- [conteo-electoral] [           main] o.f.c.internal.database.base.Database    : Flyway upgrade recommended: PostgreSQL 16.14 is newer than this version of Flyway and support has not been tested. The latest supported version of PostgreSQL is 15.
2026-07-23T14:39:14.097-05:00  INFO 43872 --- [conteo-electoral] [           main] o.f.core.internal.command.DbValidate     : Successfully validated 9 migrations (execution time 00:00.044s)
2026-07-23T14:39:14.124-05:00  INFO 43872 --- [conteo-electoral] [           main] o.f.core.internal.command.DbMigrate      : Current version of schema "public": 1.6.0
2026-07-23T14:39:14.129-05:00  INFO 43872 --- [conteo-electoral] [           main] o.f.core.internal.command.DbMigrate      : Schema "public" is up to date. No migration necessary.
2026-07-23T14:39:14.264-05:00  INFO 43872 --- [conteo-electoral] [           main] o.hibernate.jpa.internal.util.LogHelper  : HHH000204: Processing PersistenceUnitInfo [name: default]
2026-07-23T14:39:14.335-05:00  INFO 43872 --- [conteo-electoral] [           main] org.hibernate.Version                    : HHH000412: Hibernate ORM core version 6.4.1.Final
2026-07-23T14:39:14.378-05:00  INFO 43872 --- [conteo-electoral] [           main] o.h.c.internal.RegionFactoryInitiator    : HHH000026: Second-level cache disabled
2026-07-23T14:39:14.621-05:00  INFO 43872 --- [conteo-electoral] [           main] o.s.o.j.p.SpringPersistenceUnitInfo      : No LoadTimeWeaver setup: ignoring JPA class transformer
2026-07-23T14:39:16.421-05:00  INFO 43872 --- [conteo-electoral] [           main] o.h.e.t.j.p.i.JtaPlatformInitiator       : HHH000489: No JTA platform available (set 'hibernate.transaction.jta.platform' to enable JTA platform integration)
2026-07-23T14:39:17.070-05:00  INFO 43872 --- [conteo-electoral] [           main] j.LocalContainerEntityManagerFactoryBean : Initialized JPA EntityManagerFactory for persistence unit 'default'
2026-07-23T14:39:17.367-05:00  INFO 43872 --- [conteo-electoral] [           main] o.s.d.j.r.query.QueryEnhancerFactory     : Hibernate is in classpath; If applicable, HQL parser will be used.
2026-07-23T14:39:17.841-05:00 DEBUG 43872 --- [conteo-electoral] [           main] c.e.security.JwtAuthenticationFilter     : Filter 'jwtAuthenticationFilter' configured for use
2026-07-23T14:39:20.852-05:00  INFO 43872 --- [conteo-electoral] [           main] o.s.s.web.DefaultSecurityFilterChain     : Will secure any request with [org.springframework.security.web.session.DisableEncodeUrlFilter@460f2b6c, org.springframework.security.web.context.request.async.WebAsyncManagerIntegrationFilter@2f98c012, org.springframework.security.web.context.SecurityContextHolderFilter@4591a080, org.springframework.security.web.header.HeaderWriterFilter@1856a312, org.springframework.web.filter.CorsFilter@1a4ccb7b, org.springframework.security.web.authentication.logout.LogoutFilter@712e49ef, com.electoral.security.JwtAuthenticationFilter@3625093d, org.springframework.security.web.savedrequest.RequestCacheAwareFilter@464c18c8, org.springframework.security.web.servletapi.SecurityContextHolderAwareRequestFilter@6b0c851b, org.springframework.security.web.authentication.AnonymousAuthenticationFilter@447d91ef, org.springframework.security.web.session.SessionManagementFilter@1f5246e2, org.springframework.security.web.access.ExceptionTranslationFilter@340c211e, org.springframework.security.web.access.intercept.AuthorizationFilter@435ec7f5]
2026-07-23T14:39:21.367-05:00  WARN 43872 --- [conteo-electoral] [           main] ConfigServletWebServerApplicationContext : Exception encountered during context initialization - cancelling refresh attempt: org.springframework.context.ApplicationContextException: Failed to start bean 'webServerStartStop'
2026-07-23T14:39:21.378-05:00  INFO 43872 --- [conteo-electoral] [           main] j.LocalContainerEntityManagerFactoryBean : Closing JPA EntityManagerFactory for persistence unit 'default'
2026-07-23T14:39:21.381-05:00  INFO 43872 --- [conteo-electoral] [           main] com.zaxxer.hikari.HikariDataSource       : HikariPool-1 - Shutdown initiated...
2026-07-23T14:39:21.400-05:00  INFO 43872 --- [conteo-electoral] [           main] com.zaxxer.hikari.HikariDataSource       : HikariPool-1 - Shutdown completed.
2026-07-23T14:39:21.412-05:00  INFO 43872 --- [conteo-electoral] [           main] .s.b.a.l.ConditionEvaluationReportLogger : 

Error starting ApplicationContext. To display the condition evaluation report re-run your application with 'debug' enabled.
2026-07-23T14:39:21.427-05:00 ERROR 43872 --- [conteo-electoral] [           main] o.s.b.d.LoggingFailureAnalysisReporter   : 

***************************
APPLICATION FAILED TO START
***************************

Description:

Web server failed to start. Port 8081 was already in use.

Action:

Identify and stop the process that's listening on port 8081 or configure this application to listen on another port.

[INFO] ------------------------------------------------------------------------
[INFO] BUILD FAILURE
[INFO] ------------------------------------------------------------------------
[INFO] Total time:  12.723 s
[INFO] Finished at: 2026-07-23T14:39:21-05:00
[INFO] ------------------------------------------------------------------------
[ERROR] Failed to execute goal org.springframework.boot:spring-boot-maven-plugin:3.2.1:run (default-cli) on project conteo-electoral: Process terminated with exit code: 1 -> [Help 1]
[ERROR] 
[ERROR] To see the full stack trace of the errors, re-run Maven with the -e switch.
[ERROR] Re-run Maven using the -X switch to enable full debug logging.
[ERROR] 
[ERROR] For more information about the errors and possible solutions, please read the following articles:
[ERROR] [Help 1] http://cwiki.apache.org/confluence/display/MAVEN/MojoExecutionException
